<?xml version="1.0" encoding="UTF-8"?>
<testng-results skipped="0" failed="0" ignored="0" total="1" passed="1">
  <reporter-output>
  </reporter-output>
  <suite name="Default suite" duration-ms="88519" started-at="2018-01-21T14:49:21Z" finished-at="2018-01-21T14:50:50Z">
    <groups>
    </groups>
    <test name="Default test" duration-ms="88519" started-at="2018-01-21T14:49:21Z" finished-at="2018-01-21T14:50:50Z">
      <class name="com.demo.test.K_AutoTest">
        <test-method status="PASS" signature="beforeMethod()[pri:0, instance:com.demo.test.K_AutoTest@343f4d3d]" name="beforeMethod" is-config="true" duration-ms="16360" started-at="2018-01-21T06:49:21Z" finished-at="2018-01-21T06:49:38Z">
          <reporter-output>
          </reporter-output>
        </test-method> <!-- beforeMethod -->
        <test-method status="PASS" signature="Login()[pri:0, instance:com.demo.test.K_AutoTest@343f4d3d]" name="Login" duration-ms="71394" started-at="2018-01-21T06:49:38Z" finished-at="2018-01-21T06:50:49Z">
          <reporter-output>
          </reporter-output>
        </test-method> <!-- Login -->
        <test-method status="PASS" signature="afterMethod()[pri:0, instance:com.demo.test.K_AutoTest@343f4d3d]" name="afterMethod" is-config="true" duration-ms="725" started-at="2018-01-21T06:50:49Z" finished-at="2018-01-21T06:50:50Z">
          <reporter-output>
          </reporter-output>
        </test-method> <!-- afterMethod -->
      </class> <!-- com.demo.test.K_AutoTest -->
    </test> <!-- Default test -->
  </suite> <!-- Default suite -->
</testng-results>
